c:\users\medog\source\repos\project\project\x64\debug\vc143.pdb
c:\users\medog\source\repos\project\project\x64\debug\.netframework,version=v4.7.2.assemblyattributes.obj
c:\users\medog\source\repos\project\project\x64\debug\dialpad.obj
c:\users\medog\source\repos\project\project\x64\debug\keypad.obj
c:\users\medog\source\repos\project\project\x64\debug\recents.obj
c:\users\medog\source\repos\project\project\x64\debug\userwrapper.obj
c:\users\medog\source\repos\project\project\x64\debug\user.obj
c:\users\medog\source\repos\project\project\x64\debug\contactlistwrapper.obj
c:\users\medog\source\repos\project\project\x64\debug\contactlist.obj
c:\users\medog\source\repos\project\project\x64\debug\bst.obj
c:\users\medog\source\repos\project\project\x64\debug\add_contact.obj
c:\users\medog\source\repos\project\x64\debug\project.exe
c:\users\medog\source\repos\project\x64\debug\project.pdb
c:\users\medog\source\repos\project\project\x64\debug\project.tlog\cl.command.1.tlog
c:\users\medog\source\repos\project\project\x64\debug\project.tlog\cl.items.tlog
c:\users\medog\source\repos\project\project\x64\debug\project.tlog\cl.read.1.tlog
c:\users\medog\source\repos\project\project\x64\debug\project.tlog\cl.write.1.tlog
c:\users\medog\source\repos\project\project\x64\debug\project.tlog\link.command.1.tlog
c:\users\medog\source\repos\project\project\x64\debug\project.tlog\link.read.1.tlog
c:\users\medog\source\repos\project\project\x64\debug\project.tlog\link.write.1.tlog
c:\users\medog\source\repos\project\project\x64\debug\project.tlog\metagen.read.1.tlog
c:\users\medog\source\repos\project\project\x64\debug\project.tlog\metagen.write.1.tlog
c:\users\medog\source\repos\project\project\x64\debug\project.tlog\resgen.command.1.tlog
c:\users\medog\source\repos\project\project\x64\debug\project.tlog\resgen.read.1.tlog
c:\users\medog\source\repos\project\project\x64\debug\project.tlog\resgen.write.1.tlog
